Exception in thread Thread-2:
Traceback (most recent call last):
  File "/usr/lib/python3.6/threading.py", line 916, in _bootstrap_inner
    self.run()
  File "/usr/lib/python3.6/threading.py", line 1182, in run
    self.function(*self.args, **self.kwargs)
  File "/home/ubuntu/timemanager/my_env/lib/python3.6/site-packages/telebot/__init__.py", line 66, in save_handlers
    self.dump_handlers(self.handlers, self.filename)
  File "/home/ubuntu/timemanager/my_env/lib/python3.6/site-packages/telebot/__init__.py", line 79, in dump_handlers
    pickle.dump(handlers, file)
AttributeError: Can't pickle local object 'main.<locals>.add_task.<locals>.process_task_name'

Exception in thread Thread-4:
Traceback (most recent call last):
  File "/usr/lib/python3.6/threading.py", line 916, in _bootstrap_inner
    self.run()
  File "/usr/lib/python3.6/threading.py", line 1182, in run
    self.function(*self.args, **self.kwargs)
  File "/home/ubuntu/timemanager/my_env/lib/python3.6/site-packages/telebot/__init__.py", line 66, in save_handlers
    self.dump_handlers(self.handlers, self.filename)
  File "/home/ubuntu/timemanager/my_env/lib/python3.6/site-packages/telebot/__init__.py", line 79, in dump_handlers
    pickle.dump(handlers, file)
AttributeError: Can't pickle local object 'main.<locals>.add_task.<locals>.process_task_name'

Exception in thread Thread-6:
Traceback (most recent call last):
  File "/usr/lib/python3.6/threading.py", line 916, in _bootstrap_inner
    self.run()
  File "/usr/lib/python3.6/threading.py", line 1182, in run
    self.function(*self.args, **self.kwargs)
  File "/home/ubuntu/timemanager/my_env/lib/python3.6/site-packages/telebot/__init__.py", line 66, in save_handlers
    self.dump_handlers(self.handlers, self.filename)
  File "/home/ubuntu/timemanager/my_env/lib/python3.6/site-packages/telebot/__init__.py", line 79, in dump_handlers
    pickle.dump(handlers, file)
AttributeError: Can't pickle local object 'main.<locals>.add_task.<locals>.process_task_name'

2020-01-26 23:51:44,864 (util.py:66 PollingThread) ERROR - TeleBot: "ReadTimeout occurred, args=(ReadTimeoutError("HTTPSConnectionPool(host='api.telegram.org', port=443): Read timed out. (read timeout=11)",),)
Traceback (most recent call last):
  File "/home/ubuntu/timemanager/my_env/lib/python3.6/site-packages/urllib3/connectionpool.py", line 421, in _make_request
    six.raise_from(e, None)
  File "<string>", line 3, in raise_from
  File "/home/ubuntu/timemanager/my_env/lib/python3.6/site-packages/urllib3/connectionpool.py", line 416, in _make_request
    httplib_response = conn.getresponse()
  File "/usr/lib/python3.6/http/client.py", line 1346, in getresponse
    response.begin()
  File "/usr/lib/python3.6/http/client.py", line 307, in begin
    version, status, reason = self._read_status()
  File "/usr/lib/python3.6/http/client.py", line 268, in _read_status
    line = str(self.fp.readline(_MAXLINE + 1), "iso-8859-1")
  File "/usr/lib/python3.6/socket.py", line 586, in readinto
    return self._sock.recv_into(b)
  File "/usr/lib/python3.6/ssl.py", line 1012, in recv_into
    return self.read(nbytes, buffer)
  File "/usr/lib/python3.6/ssl.py", line 874, in read
    return self._sslobj.read(len, buffer)
  File "/usr/lib/python3.6/ssl.py", line 631, in read
    v = self._sslobj.read(len, buffer)
socket.timeout: The read operation timed out

During handling of the above exception, another exception occurred:

Traceback (most recent call last):
  File "/home/ubuntu/timemanager/my_env/lib/python3.6/site-packages/requests/adapters.py", line 449, in send
    timeout=timeout
  File "/home/ubuntu/timemanager/my_env/lib/python3.6/site-packages/urllib3/connectionpool.py", line 720, in urlopen
    method, url, error=e, _pool=self, _stacktrace=sys.exc_info()[2]
  File "/home/ubuntu/timemanager/my_env/lib/python3.6/site-packages/urllib3/util/retry.py", line 400, in increment
    raise six.reraise(type(error), error, _stacktrace)
  File "/home/ubuntu/timemanager/my_env/lib/python3.6/site-packages/urllib3/packages/six.py", line 735, in reraise
    raise value
  File "/home/ubuntu/timemanager/my_env/lib/python3.6/site-packages/urllib3/connectionpool.py", line 672, in urlopen
    chunked=chunked,
  File "/home/ubuntu/timemanager/my_env/lib/python3.6/site-packages/urllib3/connectionpool.py", line 423, in _make_request
    self._raise_timeout(err=e, url=url, timeout_value=read_timeout)
  File "/home/ubuntu/timemanager/my_env/lib/python3.6/site-packages/urllib3/connectionpool.py", line 331, in _raise_timeout
    self, url, "Read timed out. (read timeout=%s)" % timeout_value
urllib3.exceptions.ReadTimeoutError: HTTPSConnectionPool(host='api.telegram.org', port=443): Read timed out. (read timeout=11)

During handling of the above exception, another exception occurred:

Traceback (most recent call last):
  File "/home/ubuntu/timemanager/my_env/lib/python3.6/site-packages/telebot/util.py", line 60, in run
    task(*args, **kwargs)
  File "/home/ubuntu/timemanager/my_env/lib/python3.6/site-packages/telebot/__init__.py", line 279, in __retrieve_updates
    updates = self.get_updates(offset=(self.last_update_id + 1), timeout=timeout)
  File "/home/ubuntu/timemanager/my_env/lib/python3.6/site-packages/telebot/__init__.py", line 249, in get_updates
    json_updates = apihelper.get_updates(self.token, offset, limit, timeout, allowed_updates)
  File "/home/ubuntu/timemanager/my_env/lib/python3.6/site-packages/telebot/apihelper.py", line 194, in get_updates
    return _make_request(token, method_url, params=payload)
  File "/home/ubuntu/timemanager/my_env/lib/python3.6/site-packages/telebot/apihelper.py", line 58, in _make_request
    timeout=(connect_timeout, read_timeout), proxies=proxy)
  File "/home/ubuntu/timemanager/my_env/lib/python3.6/site-packages/requests/sessions.py", line 533, in request
    resp = self.send(prep, **send_kwargs)
  File "/home/ubuntu/timemanager/my_env/lib/python3.6/site-packages/requests/sessions.py", line 646, in send
    r = adapter.send(request, **kwargs)
  File "/home/ubuntu/timemanager/my_env/lib/python3.6/site-packages/requests/adapters.py", line 529, in send
    raise ReadTimeout(e, request=request)
requests.exceptions.ReadTimeout: HTTPSConnectionPool(host='api.telegram.org', port=443): Read timed out. (read timeout=11)
"
2020-01-26 23:51:49,373 (util.py:66 PollingThread) ERROR - TeleBot: "ConnectionError occurred, args=(MaxRetryError("HTTPSConnectionPool(host='api.telegram.org', port=443): Max retries exceeded with url: /bot1039129866:AAEFygyDe6FaBUC1NcD00-JtAA7Uj8OhqmY/getUpdates?offset=762250592&timeout=True (Caused by NewConnectionError('<urllib3.connection.VerifiedHTTPSConnection object at 0x7f55cc36da58>: Failed to establish a new connection: [Errno 101] Network is unreachable',))",),)
Traceback (most recent call last):
  File "/home/ubuntu/timemanager/my_env/lib/python3.6/site-packages/urllib3/connection.py", line 157, in _new_conn
    (self._dns_host, self.port), self.timeout, **extra_kw
  File "/home/ubuntu/timemanager/my_env/lib/python3.6/site-packages/urllib3/util/connection.py", line 84, in create_connection
    raise err
  File "/home/ubuntu/timemanager/my_env/lib/python3.6/site-packages/urllib3/util/connection.py", line 74, in create_connection
    sock.connect(sa)
OSError: [Errno 101] Network is unreachable

During handling of the above exception, another exception occurred:

Traceback (most recent call last):
  File "/home/ubuntu/timemanager/my_env/lib/python3.6/site-packages/urllib3/connectionpool.py", line 672, in urlopen
    chunked=chunked,
  File "/home/ubuntu/timemanager/my_env/lib/python3.6/site-packages/urllib3/connectionpool.py", line 376, in _make_request
    self._validate_conn(conn)
  File "/home/ubuntu/timemanager/my_env/lib/python3.6/site-packages/urllib3/connectionpool.py", line 994, in _validate_conn
    conn.connect()
  File "/home/ubuntu/timemanager/my_env/lib/python3.6/site-packages/urllib3/connection.py", line 300, in connect
    conn = self._new_conn()
  File "/home/ubuntu/timemanager/my_env/lib/python3.6/site-packages/urllib3/connection.py", line 169, in _new_conn
    self, "Failed to establish a new connection: %s" % e
urllib3.exceptions.NewConnectionError: <urllib3.connection.VerifiedHTTPSConnection object at 0x7f55cc36da58>: Failed to establish a new connection: [Errno 101] Network is unreachable

During handling of the above exception, another exception occurred:

Traceback (most recent call last):
  File "/home/ubuntu/timemanager/my_env/lib/python3.6/site-packages/requests/adapters.py", line 449, in send
    timeout=timeout
  File "/home/ubuntu/timemanager/my_env/lib/python3.6/site-packages/urllib3/connectionpool.py", line 720, in urlopen
    method, url, error=e, _pool=self, _stacktrace=sys.exc_info()[2]
  File "/home/ubuntu/timemanager/my_env/lib/python3.6/site-packages/urllib3/util/retry.py", line 436, in increment
    raise MaxRetryError(_pool, url, error or ResponseError(cause))
urllib3.exceptions.MaxRetryError: HTTPSConnectionPool(host='api.telegram.org', port=443): Max retries exceeded with url: /bot1039129866:AAEFygyDe6FaBUC1NcD00-JtAA7Uj8OhqmY/getUpdates?offset=762250592&timeout=True (Caused by NewConnectionError('<urllib3.connection.VerifiedHTTPSConnection object at 0x7f55cc36da58>: Failed to establish a new connection: [Errno 101] Network is unreachable',))

During handling of the above exception, another exception occurred:

Traceback (most recent call last):
  File "/home/ubuntu/timemanager/my_env/lib/python3.6/site-packages/telebot/util.py", line 60, in run
    task(*args, **kwargs)
  File "/home/ubuntu/timemanager/my_env/lib/python3.6/site-packages/telebot/__init__.py", line 279, in __retrieve_updates
    updates = self.get_updates(offset=(self.last_update_id + 1), timeout=timeout)
  File "/home/ubuntu/timemanager/my_env/lib/python3.6/site-packages/telebot/__init__.py", line 249, in get_updates
    json_updates = apihelper.get_updates(self.token, offset, limit, timeout, allowed_updates)
  File "/home/ubuntu/timemanager/my_env/lib/python3.6/site-packages/telebot/apihelper.py", line 194, in get_updates
    return _make_request(token, method_url, params=payload)
  File "/home/ubuntu/timemanager/my_env/lib/python3.6/site-packages/telebot/apihelper.py", line 58, in _make_request
    timeout=(connect_timeout, read_timeout), proxies=proxy)
  File "/home/ubuntu/timemanager/my_env/lib/python3.6/site-packages/requests/sessions.py", line 533, in request
    resp = self.send(prep, **send_kwargs)
  File "/home/ubuntu/timemanager/my_env/lib/python3.6/site-packages/requests/sessions.py", line 646, in send
    r = adapter.send(request, **kwargs)
  File "/home/ubuntu/timemanager/my_env/lib/python3.6/site-packages/requests/adapters.py", line 516, in send
    raise ConnectionError(e, request=request)
requests.exceptions.ConnectionError: HTTPSConnectionPool(host='api.telegram.org', port=443): Max retries exceeded with url: /bot1039129866:AAEFygyDe6FaBUC1NcD00-JtAA7Uj8OhqmY/getUpdates?offset=762250592&timeout=True (Caused by NewConnectionError('<urllib3.connection.VerifiedHTTPSConnection object at 0x7f55cc36da58>: Failed to establish a new connection: [Errno 101] Network is unreachable',))
"
2020-01-26 23:51:53,881 (util.py:66 PollingThread) ERROR - TeleBot: "ConnectionError occurred, args=(MaxRetryError("HTTPSConnectionPool(host='api.telegram.org', port=443): Max retries exceeded with url: /bot1039129866:AAEFygyDe6FaBUC1NcD00-JtAA7Uj8OhqmY/getUpdates?offset=762250592&timeout=True (Caused by NewConnectionError('<urllib3.connection.VerifiedHTTPSConnection object at 0x7f55cc31d748>: Failed to establish a new connection: [Errno 101] Network is unreachable',))",),)
Traceback (most recent call last):
  File "/home/ubuntu/timemanager/my_env/lib/python3.6/site-packages/urllib3/connection.py", line 157, in _new_conn
    (self._dns_host, self.port), self.timeout, **extra_kw
  File "/home/ubuntu/timemanager/my_env/lib/python3.6/site-packages/urllib3/util/connection.py", line 84, in create_connection
    raise err
  File "/home/ubuntu/timemanager/my_env/lib/python3.6/site-packages/urllib3/util/connection.py", line 74, in create_connection
    sock.connect(sa)
OSError: [Errno 101] Network is unreachable

During handling of the above exception, another exception occurred:

Traceback (most recent call last):
  File "/home/ubuntu/timemanager/my_env/lib/python3.6/site-packages/urllib3/connectionpool.py", line 672, in urlopen
    chunked=chunked,
  File "/home/ubuntu/timemanager/my_env/lib/python3.6/site-packages/urllib3/connectionpool.py", line 376, in _make_request
    self._validate_conn(conn)
  File "/home/ubuntu/timemanager/my_env/lib/python3.6/site-packages/urllib3/connectionpool.py", line 994, in _validate_conn
    conn.connect()
  File "/home/ubuntu/timemanager/my_env/lib/python3.6/site-packages/urllib3/connection.py", line 300, in connect
    conn = self._new_conn()
  File "/home/ubuntu/timemanager/my_env/lib/python3.6/site-packages/urllib3/connection.py", line 169, in _new_conn
    self, "Failed to establish a new connection: %s" % e
urllib3.exceptions.NewConnectionError: <urllib3.connection.VerifiedHTTPSConnection object at 0x7f55cc31d748>: Failed to establish a new connection: [Errno 101] Network is unreachable

During handling of the above exception, another exception occurred:

Traceback (most recent call last):
  File "/home/ubuntu/timemanager/my_env/lib/python3.6/site-packages/requests/adapters.py", line 449, in send
    timeout=timeout
  File "/home/ubuntu/timemanager/my_env/lib/python3.6/site-packages/urllib3/connectionpool.py", line 720, in urlopen
    method, url, error=e, _pool=self, _stacktrace=sys.exc_info()[2]
  File "/home/ubuntu/timemanager/my_env/lib/python3.6/site-packages/urllib3/util/retry.py", line 436, in increment
    raise MaxRetryError(_pool, url, error or ResponseError(cause))
urllib3.exceptions.MaxRetryError: HTTPSConnectionPool(host='api.telegram.org', port=443): Max retries exceeded with url: /bot1039129866:AAEFygyDe6FaBUC1NcD00-JtAA7Uj8OhqmY/getUpdates?offset=762250592&timeout=True (Caused by NewConnectionError('<urllib3.connection.VerifiedHTTPSConnection object at 0x7f55cc31d748>: Failed to establish a new connection: [Errno 101] Network is unreachable',))

During handling of the above exception, another exception occurred:

Traceback (most recent call last):
  File "/home/ubuntu/timemanager/my_env/lib/python3.6/site-packages/telebot/util.py", line 60, in run
    task(*args, **kwargs)
  File "/home/ubuntu/timemanager/my_env/lib/python3.6/site-packages/telebot/__init__.py", line 279, in __retrieve_updates
    updates = self.get_updates(offset=(self.last_update_id + 1), timeout=timeout)
  File "/home/ubuntu/timemanager/my_env/lib/python3.6/site-packages/telebot/__init__.py", line 249, in get_updates
    json_updates = apihelper.get_updates(self.token, offset, limit, timeout, allowed_updates)
  File "/home/ubuntu/timemanager/my_env/lib/python3.6/site-packages/telebot/apihelper.py", line 194, in get_updates
    return _make_request(token, method_url, params=payload)
  File "/home/ubuntu/timemanager/my_env/lib/python3.6/site-packages/telebot/apihelper.py", line 58, in _make_request
    timeout=(connect_timeout, read_timeout), proxies=proxy)
  File "/home/ubuntu/timemanager/my_env/lib/python3.6/site-packages/requests/sessions.py", line 533, in request
    resp = self.send(prep, **send_kwargs)
  File "/home/ubuntu/timemanager/my_env/lib/python3.6/site-packages/requests/sessions.py", line 646, in send
    r = adapter.send(request, **kwargs)
  File "/home/ubuntu/timemanager/my_env/lib/python3.6/site-packages/requests/adapters.py", line 516, in send
    raise ConnectionError(e, request=request)
requests.exceptions.ConnectionError: HTTPSConnectionPool(host='api.telegram.org', port=443): Max retries exceeded with url: /bot1039129866:AAEFygyDe6FaBUC1NcD00-JtAA7Uj8OhqmY/getUpdates?offset=762250592&timeout=True (Caused by NewConnectionError('<urllib3.connection.VerifiedHTTPSConnection object at 0x7f55cc31d748>: Failed to establish a new connection: [Errno 101] Network is unreachable',))
"
2020-01-26 23:51:58,389 (util.py:66 PollingThread) ERROR - TeleBot: "ConnectionError occurred, args=(MaxRetryError("HTTPSConnectionPool(host='api.telegram.org', port=443): Max retries exceeded with url: /bot1039129866:AAEFygyDe6FaBUC1NcD00-JtAA7Uj8OhqmY/getUpdates?offset=762250592&timeout=True (Caused by NewConnectionError('<urllib3.connection.VerifiedHTTPSConnection object at 0x7f55cc3264a8>: Failed to establish a new connection: [Errno 101] Network is unreachable',))",),)
Traceback (most recent call last):
  File "/home/ubuntu/timemanager/my_env/lib/python3.6/site-packages/urllib3/connection.py", line 157, in _new_conn
    (self._dns_host, self.port), self.timeout, **extra_kw
  File "/home/ubuntu/timemanager/my_env/lib/python3.6/site-packages/urllib3/util/connection.py", line 84, in create_connection
    raise err
  File "/home/ubuntu/timemanager/my_env/lib/python3.6/site-packages/urllib3/util/connection.py", line 74, in create_connection
    sock.connect(sa)
OSError: [Errno 101] Network is unreachable

During handling of the above exception, another exception occurred:

Traceback (most recent call last):
  File "/home/ubuntu/timemanager/my_env/lib/python3.6/site-packages/urllib3/connectionpool.py", line 672, in urlopen
    chunked=chunked,
  File "/home/ubuntu/timemanager/my_env/lib/python3.6/site-packages/urllib3/connectionpool.py", line 376, in _make_request
    self._validate_conn(conn)
  File "/home/ubuntu/timemanager/my_env/lib/python3.6/site-packages/urllib3/connectionpool.py", line 994, in _validate_conn
    conn.connect()
  File "/home/ubuntu/timemanager/my_env/lib/python3.6/site-packages/urllib3/connection.py", line 300, in connect
    conn = self._new_conn()
  File "/home/ubuntu/timemanager/my_env/lib/python3.6/site-packages/urllib3/connection.py", line 169, in _new_conn
    self, "Failed to establish a new connection: %s" % e
urllib3.exceptions.NewConnectionError: <urllib3.connection.VerifiedHTTPSConnection object at 0x7f55cc3264a8>: Failed to establish a new connection: [Errno 101] Network is unreachable

During handling of the above exception, another exception occurred:

Traceback (most recent call last):
  File "/home/ubuntu/timemanager/my_env/lib/python3.6/site-packages/requests/adapters.py", line 449, in send
    timeout=timeout
  File "/home/ubuntu/timemanager/my_env/lib/python3.6/site-packages/urllib3/connectionpool.py", line 720, in urlopen
    method, url, error=e, _pool=self, _stacktrace=sys.exc_info()[2]
  File "/home/ubuntu/timemanager/my_env/lib/python3.6/site-packages/urllib3/util/retry.py", line 436, in increment
    raise MaxRetryError(_pool, url, error or ResponseError(cause))
urllib3.exceptions.MaxRetryError: HTTPSConnectionPool(host='api.telegram.org', port=443): Max retries exceeded with url: /bot1039129866:AAEFygyDe6FaBUC1NcD00-JtAA7Uj8OhqmY/getUpdates?offset=762250592&timeout=True (Caused by NewConnectionError('<urllib3.connection.VerifiedHTTPSConnection object at 0x7f55cc3264a8>: Failed to establish a new connection: [Errno 101] Network is unreachable',))

During handling of the above exception, another exception occurred:

Traceback (most recent call last):
  File "/home/ubuntu/timemanager/my_env/lib/python3.6/site-packages/telebot/util.py", line 60, in run
    task(*args, **kwargs)
  File "/home/ubuntu/timemanager/my_env/lib/python3.6/site-packages/telebot/__init__.py", line 279, in __retrieve_updates
    updates = self.get_updates(offset=(self.last_update_id + 1), timeout=timeout)
  File "/home/ubuntu/timemanager/my_env/lib/python3.6/site-packages/telebot/__init__.py", line 249, in get_updates
    json_updates = apihelper.get_updates(self.token, offset, limit, timeout, allowed_updates)
  File "/home/ubuntu/timemanager/my_env/lib/python3.6/site-packages/telebot/apihelper.py", line 194, in get_updates
    return _make_request(token, method_url, params=payload)
  File "/home/ubuntu/timemanager/my_env/lib/python3.6/site-packages/telebot/apihelper.py", line 58, in _make_request
    timeout=(connect_timeout, read_timeout), proxies=proxy)
  File "/home/ubuntu/timemanager/my_env/lib/python3.6/site-packages/requests/sessions.py", line 533, in request
    resp = self.send(prep, **send_kwargs)
  File "/home/ubuntu/timemanager/my_env/lib/python3.6/site-packages/requests/sessions.py", line 646, in send
    r = adapter.send(request, **kwargs)
  File "/home/ubuntu/timemanager/my_env/lib/python3.6/site-packages/requests/adapters.py", line 516, in send
    raise ConnectionError(e, request=request)
requests.exceptions.ConnectionError: HTTPSConnectionPool(host='api.telegram.org', port=443): Max retries exceeded with url: /bot1039129866:AAEFygyDe6FaBUC1NcD00-JtAA7Uj8OhqmY/getUpdates?offset=762250592&timeout=True (Caused by NewConnectionError('<urllib3.connection.VerifiedHTTPSConnection object at 0x7f55cc3264a8>: Failed to establish a new connection: [Errno 101] Network is unreachable',))
"
2020-01-26 23:52:15,447 (util.py:66 PollingThread) ERROR - TeleBot: "ApiException occurred, args=('A request to the Telegram API was unsuccessful. The server returned HTTP 409 Conflict. Response body:\n[b\'{"ok":false,"error_code":409,"description":"Conflict: terminated by other getUpdates request; make sure that only one bot instance is running"}\']',)
Traceback (most recent call last):
  File "/home/ubuntu/timemanager/my_env/lib/python3.6/site-packages/telebot/util.py", line 60, in run
    task(*args, **kwargs)
  File "/home/ubuntu/timemanager/my_env/lib/python3.6/site-packages/telebot/__init__.py", line 279, in __retrieve_updates
    updates = self.get_updates(offset=(self.last_update_id + 1), timeout=timeout)
  File "/home/ubuntu/timemanager/my_env/lib/python3.6/site-packages/telebot/__init__.py", line 249, in get_updates
    json_updates = apihelper.get_updates(self.token, offset, limit, timeout, allowed_updates)
  File "/home/ubuntu/timemanager/my_env/lib/python3.6/site-packages/telebot/apihelper.py", line 194, in get_updates
    return _make_request(token, method_url, params=payload)
  File "/home/ubuntu/timemanager/my_env/lib/python3.6/site-packages/telebot/apihelper.py", line 60, in _make_request
    return _check_result(method_name, result)['result']
  File "/home/ubuntu/timemanager/my_env/lib/python3.6/site-packages/telebot/apihelper.py", line 79, in _check_result
    raise ApiException(msg, method_name, result)
telebot.apihelper.ApiException: A request to the Telegram API was unsuccessful. The server returned HTTP 409 Conflict. Response body:
[b'{"ok":false,"error_code":409,"description":"Conflict: terminated by other getUpdates request; make sure that only one bot instance is running"}']
"
2020-01-26 23:52:15,449 (__init__.py:420 MainThread) ERROR - TeleBot: "A request to the Telegram API was unsuccessful. The server returned HTTP 409 Conflict. Response body:
[b'{"ok":false,"error_code":409,"description":"Conflict: terminated by other getUpdates request; make sure that only one bot instance is running"}']"
Start polling...
Start polling...
Traceback (most recent call last):
  File "main.py", line 4, in <module>
    import task_manager
  File "/home/ubuntu/timemanager/task_manager.py", line 72, in <module>
    import task
  File "/home/ubuntu/timemanager/task.py", line 4, in <module>
    import schedule
ModuleNotFoundError: No module named 'schedule'
Traceback (most recent call last):
  File "main.py", line 4, in <module>
    import task_manager
  File "/home/ubuntu/timemanager/task_manager.py", line 72, in <module>
    import task
  File "/home/ubuntu/timemanager/task.py", line 4, in <module>
    import schedule
ModuleNotFoundError: No module named 'schedule'
Traceback (most recent call last):
  File "main.py", line 4, in <module>
    import task_manager
  File "/home/ubuntu/timemanager/task_manager.py", line 72, in <module>
    import task
  File "/home/ubuntu/timemanager/task.py", line 4, in <module>
    import schedule
ModuleNotFoundError: No module named 'schedule'
